TpTrace Verbose: 0 : 2940, 1, 2022/02/24, 18:23:47.993, 6351119151046, vstest.console.dll, Version: 16.11.0
TpTrace Information: 0 : 2940, 1, 2022/02/24, 18:23:48.003, 6351119224565, vstest.console.dll, FilePatternParser: The given file C:\APPS\archilog\src\ArchiLog\Archi.Test\bin\Debug\netcoreapp3.1\fine-code-coverage\build-output\Archi.Test.dll is a full path.
TpTrace Verbose: 0 : 2940, 1, 2022/02/24, 18:23:48.009, 6351119292236, vstest.console.dll, TestPluginCache.DiscoverTestExtensions: finding test extensions in assemblies ends with: RuntimeProvider.dll TPluginInfo: Microsoft.VisualStudio.TestPlatform.Common.ExtensionFramework.Utilities.TestRuntimePluginInformation TExtension: Microsoft.VisualStudio.TestPlatform.ObjectModel.Host.ITestRuntimeProvider
TpTrace Verbose: 0 : 2940, 1, 2022/02/24, 18:23:48.012, 6351119315962, vstest.console.dll, TestPluginCache.GetExtensionPaths: Filtered extension paths: 
TpTrace Verbose: 0 : 2940, 1, 2022/02/24, 18:23:48.012, 6351119317745, vstest.console.dll, TestPluginCache.GetExtensionPaths: Added default extension paths: C:\Program Files\dotnet\sdk\5.0.403\Extensions\Microsoft.Diagnostics.NETCore.Client.dll
C:\Program Files\dotnet\sdk\5.0.403\Extensions\Microsoft.TestPlatform.Extensions.BlameDataCollector.dll
C:\Program Files\dotnet\sdk\5.0.403\Extensions\Microsoft.TestPlatform.Extensions.EventLogCollector.dll
C:\Program Files\dotnet\sdk\5.0.403\Extensions\Microsoft.TestPlatform.TestHostRuntimeProvider.dll
C:\Program Files\dotnet\sdk\5.0.403\Extensions\Microsoft.VisualStudio.TestPlatform.Extensions.Html.TestLogger.dll
C:\Program Files\dotnet\sdk\5.0.403\Extensions\Microsoft.VisualStudio.TestPlatform.Extensions.Trx.TestLogger.dll
TpTrace Verbose: 0 : 2940, 1, 2022/02/24, 18:23:48.012, 6351119318402, vstest.console.dll, TestPluginCache.GetExtensionPaths: Added unfilterableExtensionPaths: 
TpTrace Information: 0 : 2940, 1, 2022/02/24, 18:23:48.013, 6351119329235, vstest.console.dll, AssemblyResolver.ctor: Creating AssemblyResolver with searchDirectories C:\Program Files\dotnet\sdk\5.0.403\Extensions,C:\Program Files\dotnet\sdk\5.0.403
TpTrace Verbose: 0 : 2940, 1, 2022/02/24, 18:23:48.014, 6351119341375, vstest.console.dll, TestPluginCache.DiscoverTestExtensions: Discovering the extensions using extension path.
TpTrace Verbose: 0 : 2940, 1, 2022/02/24, 18:23:48.015, 6351119342983, vstest.console.dll, TestPluginCache.GetExtensionPaths: Filtered extension paths: 
TpTrace Verbose: 0 : 2940, 1, 2022/02/24, 18:23:48.015, 6351119343560, vstest.console.dll, TestPluginCache.GetExtensionPaths: Added default extension paths: C:\Program Files\dotnet\sdk\5.0.403\Extensions\Microsoft.Diagnostics.NETCore.Client.dll
C:\Program Files\dotnet\sdk\5.0.403\Extensions\Microsoft.TestPlatform.Extensions.BlameDataCollector.dll
C:\Program Files\dotnet\sdk\5.0.403\Extensions\Microsoft.TestPlatform.Extensions.EventLogCollector.dll
C:\Program Files\dotnet\sdk\5.0.403\Extensions\Microsoft.TestPlatform.TestHostRuntimeProvider.dll
C:\Program Files\dotnet\sdk\5.0.403\Extensions\Microsoft.VisualStudio.TestPlatform.Extensions.Html.TestLogger.dll
C:\Program Files\dotnet\sdk\5.0.403\Extensions\Microsoft.VisualStudio.TestPlatform.Extensions.Trx.TestLogger.dll
TpTrace Verbose: 0 : 2940, 1, 2022/02/24, 18:23:48.015, 6351119344067, vstest.console.dll, TestPluginCache.GetExtensionPaths: Added unfilterableExtensionPaths: 
TpTrace Verbose: 0 : 2940, 1, 2022/02/24, 18:23:48.015, 6351119344926, vstest.console.dll, TestPluginCache.DiscoverTestExtensions: Discovering the extensions using allExtensionPaths: C:\Program Files\dotnet\sdk\5.0.403\Extensions\Microsoft.Diagnostics.NETCore.Client.dll
C:\Program Files\dotnet\sdk\5.0.403\Extensions\Microsoft.TestPlatform.Extensions.BlameDataCollector.dll
C:\Program Files\dotnet\sdk\5.0.403\Extensions\Microsoft.TestPlatform.Extensions.EventLogCollector.dll
C:\Program Files\dotnet\sdk\5.0.403\Extensions\Microsoft.TestPlatform.TestHostRuntimeProvider.dll
C:\Program Files\dotnet\sdk\5.0.403\Extensions\Microsoft.VisualStudio.TestPlatform.Extensions.Html.TestLogger.dll
C:\Program Files\dotnet\sdk\5.0.403\Extensions\Microsoft.VisualStudio.TestPlatform.Extensions.Trx.TestLogger.dll
TpTrace Information: 0 : 2940, 1, 2022/02/24, 18:23:48.015, 6351119346921, vstest.console.dll, AssemblyResolver.AddSearchDirectories: Adding more searchDirectories C:\Program Files\dotnet\sdk\5.0.403\Extensions,C:\Program Files\dotnet\sdk\5.0.403
TpTrace Information: 0 : 2940, 1, 2022/02/24, 18:23:48.015, 6351119347791, vstest.console.dll, AssemblyResolver.AddSearchDirectories: Adding more searchDirectories C:\Program Files\dotnet\sdk\5.0.403\Extensions,C:\Program Files\dotnet\sdk\5.0.403
TpTrace Information: 0 : 2940, 1, 2022/02/24, 18:23:48.015, 6351119348342, vstest.console.dll, AssemblyResolver.AddSearchDirectories: Adding more searchDirectories C:\Program Files\dotnet\sdk\5.0.403\Extensions,C:\Program Files\dotnet\sdk\5.0.403
TpTrace Information: 0 : 2940, 1, 2022/02/24, 18:23:48.015, 6351119348844, vstest.console.dll, AssemblyResolver.AddSearchDirectories: Adding more searchDirectories C:\Program Files\dotnet\sdk\5.0.403\Extensions,C:\Program Files\dotnet\sdk\5.0.403
TpTrace Information: 0 : 2940, 1, 2022/02/24, 18:23:48.015, 6351119349264, vstest.console.dll, AssemblyResolver.AddSearchDirectories: Adding more searchDirectories C:\Program Files\dotnet\sdk\5.0.403\Extensions,C:\Program Files\dotnet\sdk\5.0.403
TpTrace Information: 0 : 2940, 1, 2022/02/24, 18:23:48.015, 6351119349674, vstest.console.dll, AssemblyResolver.AddSearchDirectories: Adding more searchDirectories C:\Program Files\dotnet\sdk\5.0.403\Extensions,C:\Program Files\dotnet\sdk\5.0.403
TpTrace Information: 0 : 2940, 1, 2022/02/24, 18:23:48.016, 6351119354454, vstest.console.dll, AssemblyResolver.OnResolve: Microsoft.Diagnostics.NETCore.Client: Resolving assembly.
TpTrace Information: 0 : 2940, 1, 2022/02/24, 18:23:48.016, 6351119355322, vstest.console.dll, AssemblyResolver.OnResolve: Microsoft.Diagnostics.NETCore.Client: Searching in: 'C:\Program Files\dotnet\sdk\5.0.403\Extensions'.
TpTrace Information: 0 : 2940, 1, 2022/02/24, 18:23:48.016, 6351119360232, vstest.console.dll, AssemblyResolver.OnResolve: Microsoft.Diagnostics.NETCore.Client: Loading assembly 'C:\Program Files\dotnet\sdk\5.0.403\Extensions\Microsoft.Diagnostics.NETCore.Client.dll'.
TpTrace Information: 0 : 2940, 1, 2022/02/24, 18:23:48.017, 6351119366333, vstest.console.dll, AssemblyResolver.OnResolve: Resolved assembly: Microsoft.Diagnostics.NETCore.Client, from path: C:\Program Files\dotnet\sdk\5.0.403\Extensions\Microsoft.Diagnostics.NETCore.Client.dll
TpTrace Information: 0 : 2940, 1, 2022/02/24, 18:23:48.020, 6351119398378, vstest.console.dll, AssemblyResolver.OnResolve: Microsoft.Bcl.AsyncInterfaces: Resolving assembly.
TpTrace Information: 0 : 2940, 1, 2022/02/24, 18:23:48.020, 6351119399180, vstest.console.dll, AssemblyResolver.OnResolve: Microsoft.Bcl.AsyncInterfaces: Searching in: 'C:\Program Files\dotnet\sdk\5.0.403\Extensions'.
TpTrace Information: 0 : 2940, 1, 2022/02/24, 18:23:48.020, 6351119400342, vstest.console.dll, AssemblyResolver.OnResolve: Microsoft.Bcl.AsyncInterfaces: Assembly path does not exist: 'C:\Program Files\dotnet\sdk\5.0.403\Extensions\Microsoft.Bcl.AsyncInterfaces.dll', returning.
TpTrace Information: 0 : 2940, 1, 2022/02/24, 18:23:48.020, 6351119401252, vstest.console.dll, AssemblyResolver.OnResolve: Microsoft.Bcl.AsyncInterfaces: Assembly path does not exist: 'C:\Program Files\dotnet\sdk\5.0.403\Extensions\Microsoft.Bcl.AsyncInterfaces.exe', returning.
TpTrace Information: 0 : 2940, 1, 2022/02/24, 18:23:48.020, 6351119401666, vstest.console.dll, AssemblyResolver.OnResolve: Microsoft.Bcl.AsyncInterfaces: Searching in: 'C:\Program Files\dotnet\sdk\5.0.403'.
TpTrace Information: 0 : 2940, 1, 2022/02/24, 18:23:48.020, 6351119402592, vstest.console.dll, AssemblyResolver.OnResolve: Microsoft.Bcl.AsyncInterfaces: Assembly path does not exist: 'C:\Program Files\dotnet\sdk\5.0.403\Microsoft.Bcl.AsyncInterfaces.dll', returning.
TpTrace Information: 0 : 2940, 1, 2022/02/24, 18:23:48.021, 6351119403515, vstest.console.dll, AssemblyResolver.OnResolve: Microsoft.Bcl.AsyncInterfaces: Assembly path does not exist: 'C:\Program Files\dotnet\sdk\5.0.403\Microsoft.Bcl.AsyncInterfaces.exe', returning.
TpTrace Information: 0 : 2940, 1, 2022/02/24, 18:23:48.021, 6351119404854, vstest.console.dll, AssemblyResolver.OnResolve: Microsoft.Bcl.AsyncInterfaces: Failed to load assembly.
TpTrace Verbose: 0 : 2940, 1, 2022/02/24, 18:23:48.021, 6351119405403, vstest.console.dll, CurrentDomainAssemblyResolve: Resolving assembly 'Microsoft.Bcl.AsyncInterfaces'.
TpTrace Information: 0 : 2940, 1, 2022/02/24, 18:23:48.021, 6351119406156, vstest.console.dll, AssemblyResolver.OnResolve: Microsoft.Bcl.AsyncInterfaces: Resolving assembly.
TpTrace Information: 0 : 2940, 1, 2022/02/24, 18:23:48.021, 6351119406618, vstest.console.dll, AssemblyResolver.OnResolve: Microsoft.Bcl.AsyncInterfaces: Resolved from cache.
TpTrace Verbose: 0 : 2940, 1, 2022/02/24, 18:23:48.021, 6351119407038, vstest.console.dll, CurrentDomainAssemblyResolve: Resolving assembly 'Microsoft.Bcl.AsyncInterfaces'.
TpTrace Verbose: 0 : 2940, 1, 2022/02/24, 18:23:48.021, 6351119407527, vstest.console.dll, CurrentDomainAssemblyResolve: Failed to resolve assembly 'Microsoft.Bcl.AsyncInterfaces'.
TpTrace Verbose: 0 : 2940, 1, 2022/02/24, 18:23:48.022, 6351119415692, vstest.console.dll, CurrentDomainAssemblyResolve: Failed to resolve assembly 'Microsoft.Bcl.AsyncInterfaces'.
TpTrace Warning: 0 : 2940, 1, 2022/02/24, 18:23:48.045, 6351119651627, vstest.console.dll, TestPluginDiscoverer: Failed to get types from assembly 'Microsoft.Diagnostics.NETCore.Client, Version=0.2.2.41902, Culture=neutral, PublicKeyToken=31bf3856ad364e35'.  Skipping test extension scan for this assembly.  Error: System.Reflection.ReflectionTypeLoadException: Unable to load one or more of the requested types.
Could not load file or assembly 'Microsoft.Bcl.AsyncInterfaces, Version=1.0.0.0, Culture=neutral, PublicKeyToken=cc7b13ffcd2ddd51'. Le fichier spécifié est introuvable.
   at System.Reflection.RuntimeModule.GetTypes(RuntimeModule module)
   at System.Reflection.RuntimeModule.GetTypes()
   at System.Reflection.Assembly.GetTypes()
   at Microsoft.VisualStudio.TestPlatform.Common.ExtensionFramework.TestPluginDiscoverer.GetTestExtensionsFromAssembly[TPluginInfo,TExtension](Assembly assembly, Dictionary`2 pluginInfos)
System.IO.FileNotFoundException: Could not load file or assembly 'Microsoft.Bcl.AsyncInterfaces, Version=1.0.0.0, Culture=neutral, PublicKeyToken=cc7b13ffcd2ddd51'. Le fichier spécifié est introuvable.
File name: 'Microsoft.Bcl.AsyncInterfaces, Version=1.0.0.0, Culture=neutral, PublicKeyToken=cc7b13ffcd2ddd51'
TpTrace Warning: 0 : 2940, 1, 2022/02/24, 18:23:48.046, 6351119655382, vstest.console.dll, LoaderExceptions: System.IO.FileNotFoundException: Could not load file or assembly 'Microsoft.Bcl.AsyncInterfaces, Version=1.0.0.0, Culture=neutral, PublicKeyToken=cc7b13ffcd2ddd51'. Le fichier spécifié est introuvable.
File name: 'Microsoft.Bcl.AsyncInterfaces, Version=1.0.0.0, Culture=neutral, PublicKeyToken=cc7b13ffcd2ddd51'
TpTrace Information: 0 : 2940, 1, 2022/02/24, 18:23:48.046, 6351119657543, vstest.console.dll, AssemblyResolver.OnResolve: Microsoft.TestPlatform.Extensions.BlameDataCollector: Resolving assembly.
TpTrace Information: 0 : 2940, 1, 2022/02/24, 18:23:48.046, 6351119658366, vstest.console.dll, AssemblyResolver.OnResolve: Microsoft.TestPlatform.Extensions.BlameDataCollector: Searching in: 'C:\Program Files\dotnet\sdk\5.0.403\Extensions'.
TpTrace Information: 0 : 2940, 1, 2022/02/24, 18:23:48.047, 6351119663537, vstest.console.dll, AssemblyResolver.OnResolve: Microsoft.TestPlatform.Extensions.BlameDataCollector: Loading assembly 'C:\Program Files\dotnet\sdk\5.0.403\Extensions\Microsoft.TestPlatform.Extensions.BlameDataCollector.dll'.
TpTrace Information: 0 : 2940, 1, 2022/02/24, 18:23:48.047, 6351119671087, vstest.console.dll, AssemblyResolver.OnResolve: Resolved assembly: Microsoft.TestPlatform.Extensions.BlameDataCollector, from path: C:\Program Files\dotnet\sdk\5.0.403\Extensions\Microsoft.TestPlatform.Extensions.BlameDataCollector.dll
TpTrace Information: 0 : 2940, 1, 2022/02/24, 18:23:48.048, 6351119681756, vstest.console.dll, AssemblyResolver.OnResolve: Microsoft.TestPlatform.Extensions.EventLogCollector: Resolving assembly.
TpTrace Information: 0 : 2940, 1, 2022/02/24, 18:23:48.048, 6351119682851, vstest.console.dll, AssemblyResolver.OnResolve: Microsoft.TestPlatform.Extensions.EventLogCollector: Searching in: 'C:\Program Files\dotnet\sdk\5.0.403\Extensions'.
TpTrace Information: 0 : 2940, 1, 2022/02/24, 18:23:48.049, 6351119687257, vstest.console.dll, AssemblyResolver.OnResolve: Microsoft.TestPlatform.Extensions.EventLogCollector: Loading assembly 'C:\Program Files\dotnet\sdk\5.0.403\Extensions\Microsoft.TestPlatform.Extensions.EventLogCollector.dll'.
TpTrace Information: 0 : 2940, 1, 2022/02/24, 18:23:48.050, 6351119693059, vstest.console.dll, AssemblyResolver.OnResolve: Resolved assembly: Microsoft.TestPlatform.Extensions.EventLogCollector, from path: C:\Program Files\dotnet\sdk\5.0.403\Extensions\Microsoft.TestPlatform.Extensions.EventLogCollector.dll
TpTrace Information: 0 : 2940, 1, 2022/02/24, 18:23:48.052, 6351119719678, vstest.console.dll, AssemblyResolver.OnResolve: Microsoft.TestPlatform.TestHostRuntimeProvider: Resolving assembly.
TpTrace Information: 0 : 2940, 1, 2022/02/24, 18:23:48.052, 6351119720931, vstest.console.dll, AssemblyResolver.OnResolve: Microsoft.TestPlatform.TestHostRuntimeProvider: Searching in: 'C:\Program Files\dotnet\sdk\5.0.403\Extensions'.
TpTrace Information: 0 : 2940, 1, 2022/02/24, 18:23:48.053, 6351119725538, vstest.console.dll, AssemblyResolver.OnResolve: Microsoft.TestPlatform.TestHostRuntimeProvider: Loading assembly 'C:\Program Files\dotnet\sdk\5.0.403\Extensions\Microsoft.TestPlatform.TestHostRuntimeProvider.dll'.
TpTrace Information: 0 : 2940, 1, 2022/02/24, 18:23:48.053, 6351119732099, vstest.console.dll, AssemblyResolver.OnResolve: Resolved assembly: Microsoft.TestPlatform.TestHostRuntimeProvider, from path: C:\Program Files\dotnet\sdk\5.0.403\Extensions\Microsoft.TestPlatform.TestHostRuntimeProvider.dll
TpTrace Information: 0 : 2940, 1, 2022/02/24, 18:23:48.055, 6351119752539, vstest.console.dll, AssemblyResolver.OnResolve: Microsoft.VisualStudio.TestPlatform.Extensions.Html.TestLogger: Resolving assembly.
TpTrace Information: 0 : 2940, 1, 2022/02/24, 18:23:48.056, 6351119753729, vstest.console.dll, AssemblyResolver.OnResolve: Microsoft.VisualStudio.TestPlatform.Extensions.Html.TestLogger: Searching in: 'C:\Program Files\dotnet\sdk\5.0.403\Extensions'.
TpTrace Information: 0 : 2940, 1, 2022/02/24, 18:23:48.056, 6351119758294, vstest.console.dll, AssemblyResolver.OnResolve: Microsoft.VisualStudio.TestPlatform.Extensions.Html.TestLogger: Loading assembly 'C:\Program Files\dotnet\sdk\5.0.403\Extensions\Microsoft.VisualStudio.TestPlatform.Extensions.Html.TestLogger.dll'.
TpTrace Information: 0 : 2940, 1, 2022/02/24, 18:23:48.057, 6351119764851, vstest.console.dll, AssemblyResolver.OnResolve: Resolved assembly: Microsoft.VisualStudio.TestPlatform.Extensions.Html.TestLogger, from path: C:\Program Files\dotnet\sdk\5.0.403\Extensions\Microsoft.VisualStudio.TestPlatform.Extensions.Html.TestLogger.dll
TpTrace Information: 0 : 2940, 1, 2022/02/24, 18:23:48.057, 6351119770034, vstest.console.dll, AssemblyResolver.OnResolve: Microsoft.VisualStudio.TestPlatform.Extensions.Trx.TestLogger: Resolving assembly.
TpTrace Information: 0 : 2940, 1, 2022/02/24, 18:23:48.057, 6351119771046, vstest.console.dll, AssemblyResolver.OnResolve: Microsoft.VisualStudio.TestPlatform.Extensions.Trx.TestLogger: Searching in: 'C:\Program Files\dotnet\sdk\5.0.403\Extensions'.
TpTrace Information: 0 : 2940, 1, 2022/02/24, 18:23:48.058, 6351119775822, vstest.console.dll, AssemblyResolver.OnResolve: Microsoft.VisualStudio.TestPlatform.Extensions.Trx.TestLogger: Loading assembly 'C:\Program Files\dotnet\sdk\5.0.403\Extensions\Microsoft.VisualStudio.TestPlatform.Extensions.Trx.TestLogger.dll'.
TpTrace Information: 0 : 2940, 1, 2022/02/24, 18:23:48.058, 6351119782854, vstest.console.dll, AssemblyResolver.OnResolve: Resolved assembly: Microsoft.VisualStudio.TestPlatform.Extensions.Trx.TestLogger, from path: C:\Program Files\dotnet\sdk\5.0.403\Extensions\Microsoft.VisualStudio.TestPlatform.Extensions.Trx.TestLogger.dll
TpTrace Verbose: 0 : 2940, 1, 2022/02/24, 18:23:48.059, 6351119792890, vstest.console.dll, TestPluginCache: Discovered the extensions using extension path ''.
TpTrace Verbose: 0 : 2940, 1, 2022/02/24, 18:23:48.060, 6351119794000, vstest.console.dll, TestPluginCache: Discoverers are ''.
TpTrace Verbose: 0 : 2940, 1, 2022/02/24, 18:23:48.060, 6351119794579, vstest.console.dll, TestPluginCache: Executors are ''.
TpTrace Verbose: 0 : 2940, 1, 2022/02/24, 18:23:48.060, 6351119795074, vstest.console.dll, TestPluginCache: Executors2 are ''.
TpTrace Verbose: 0 : 2940, 1, 2022/02/24, 18:23:48.060, 6351119795551, vstest.console.dll, TestPluginCache: Setting providers are ''.
TpTrace Verbose: 0 : 2940, 1, 2022/02/24, 18:23:48.060, 6351119796025, vstest.console.dll, TestPluginCache: Loggers are ''.
TpTrace Information: 0 : 2940, 1, 2022/02/24, 18:23:48.068, 6351119877439, vstest.console.dll, RunTestsArgumentProcessor:Execute: Test run is starting.
TpTrace Verbose: 0 : 2940, 1, 2022/02/24, 18:23:48.068, 6351119878375, vstest.console.dll, RunTestsArgumentProcessor:Execute: Queuing Test run.
TpTrace Information: 0 : 2940, 1, 2022/02/24, 18:23:48.068, 6351119880339, vstest.console.dll, TestRequestManager.RunTests: run tests started.
TpTrace Information: 0 : 2940, 1, 2022/02/24, 18:23:48.071, 6351119912311, vstest.console.dll, AssemblyMetadataProvider.GetFrameWork: Determined framework:'.NETCoreApp,Version=v3.1' for source: 'C:\APPS\archilog\src\ArchiLog\Archi.Test\bin\Debug\netcoreapp3.1\fine-code-coverage\build-output\Archi.Test.dll'
TpTrace Information: 0 : 2940, 1, 2022/02/24, 18:23:48.072, 6351119914020, vstest.console.dll, Determined framework for all sources: .NETCoreApp,Version=v3.1
TpTrace Information: 0 : 2940, 1, 2022/02/24, 18:23:48.072, 6351119917996, vstest.console.dll, AssemblyMetadataProvider.GetArchitecture: Determined architecture:AnyCPU info for assembly: C:\APPS\archilog\src\ArchiLog\Archi.Test\bin\Debug\netcoreapp3.1\fine-code-coverage\build-output\Archi.Test.dll
TpTrace Information: 0 : 2940, 1, 2022/02/24, 18:23:48.074, 6351119938916, vstest.console.dll, Determined platform for all sources: X64
TpTrace Information: 0 : 2940, 1, 2022/02/24, 18:23:48.077, 6351119968352, vstest.console.dll, Compatible sources list : 
TpTrace Information: 0 : 2940, 1, 2022/02/24, 18:23:48.077, 6351119969178, vstest.console.dll, C:\APPS\archilog\src\ArchiLog\Archi.Test\bin\Debug\netcoreapp3.1\fine-code-coverage\build-output\Archi.Test.dll
TpTrace Information: 0 : 2940, 1, 2022/02/24, 18:23:48.079, 6351119990980, vstest.console.dll, InferRunSettingsHelper.IsTestSettingsEnabled: Unable to navigate to RunSettings/MSTest. Current node: RunSettings
TpTrace Information: 0 : 2940, 1, 2022/02/24, 18:23:48.080, 6351119997636, vstest.console.dll, AssemblyResolver.OnResolve: Microsoft.VisualStudio.TestPlatform.Fakes: Resolving assembly.
TpTrace Information: 0 : 2940, 1, 2022/02/24, 18:23:48.080, 6351119998289, vstest.console.dll, AssemblyResolver.OnResolve: Microsoft.VisualStudio.TestPlatform.Fakes: Searching in: 'C:\Program Files\dotnet\sdk\5.0.403\Extensions'.
TpTrace Information: 0 : 2940, 1, 2022/02/24, 18:23:48.080, 6351119999738, vstest.console.dll, AssemblyResolver.OnResolve: Microsoft.VisualStudio.TestPlatform.Fakes: Assembly path does not exist: 'C:\Program Files\dotnet\sdk\5.0.403\Extensions\Microsoft.VisualStudio.TestPlatform.Fakes.dll', returning.
TpTrace Information: 0 : 2940, 1, 2022/02/24, 18:23:48.080, 6351120000759, vstest.console.dll, AssemblyResolver.OnResolve: Microsoft.VisualStudio.TestPlatform.Fakes: Assembly path does not exist: 'C:\Program Files\dotnet\sdk\5.0.403\Extensions\Microsoft.VisualStudio.TestPlatform.Fakes.exe', returning.
TpTrace Information: 0 : 2940, 1, 2022/02/24, 18:23:48.080, 6351120001186, vstest.console.dll, AssemblyResolver.OnResolve: Microsoft.VisualStudio.TestPlatform.Fakes: Searching in: 'C:\Program Files\dotnet\sdk\5.0.403'.
TpTrace Information: 0 : 2940, 1, 2022/02/24, 18:23:48.080, 6351120002650, vstest.console.dll, AssemblyResolver.OnResolve: Microsoft.VisualStudio.TestPlatform.Fakes: Assembly path does not exist: 'C:\Program Files\dotnet\sdk\5.0.403\Microsoft.VisualStudio.TestPlatform.Fakes.dll', returning.
TpTrace Information: 0 : 2940, 1, 2022/02/24, 18:23:48.081, 6351120003615, vstest.console.dll, AssemblyResolver.OnResolve: Microsoft.VisualStudio.TestPlatform.Fakes: Assembly path does not exist: 'C:\Program Files\dotnet\sdk\5.0.403\Microsoft.VisualStudio.TestPlatform.Fakes.exe', returning.
TpTrace Information: 0 : 2940, 1, 2022/02/24, 18:23:48.081, 6351120003993, vstest.console.dll, AssemblyResolver.OnResolve: Microsoft.VisualStudio.TestPlatform.Fakes: Failed to load assembly.
TpTrace Information: 0 : 2940, 1, 2022/02/24, 18:23:48.081, 6351120007801, vstest.console.dll, Failed to create newly implemented Fakes Configurator. Reason:System.IO.FileNotFoundException: Could not load file or assembly 'Microsoft.VisualStudio.TestPlatform.Fakes, Version=16.0.0.0, Culture=neutral, PublicKeyToken=null'. Le fichier spécifié est introuvable.
File name: 'Microsoft.VisualStudio.TestPlatform.Fakes, Version=16.0.0.0, Culture=neutral, PublicKeyToken=null'
   at System.Reflection.RuntimeAssembly.InternalLoad(ObjectHandleOnStack assemblyName, ObjectHandleOnStack requestingAssembly, StackCrawlMarkHandle stackMark, Boolean throwOnFileNotFound, ObjectHandleOnStack assemblyLoadContext, ObjectHandleOnStack retAssembly)
   at System.Reflection.RuntimeAssembly.InternalLoad(AssemblyName assemblyName, RuntimeAssembly requestingAssembly, StackCrawlMark& stackMark, Boolean throwOnFileNotFound, AssemblyLoadContext assemblyLoadContext)
   at System.Reflection.Assembly.Load(AssemblyName assemblyRef)
   at Microsoft.VisualStudio.TestPlatform.Common.Utilities.FakesUtilities.TryGetFakesCrossPlatformDataCollectorConfigurator() 
TpTrace Verbose: 0 : 2940, 1, 2022/02/24, 18:23:48.085, 6351120050403, vstest.console.dll, TestPluginCache.DiscoverTestExtensions: finding test extensions in assemblies ends with: TestLogger.dll TPluginInfo: Microsoft.VisualStudio.TestPlatform.Common.ExtensionFramework.Utilities.TestLoggerPluginInformation TExtension: Microsoft.VisualStudio.TestPlatform.ObjectModel.Client.ITestLogger
TpTrace Verbose: 0 : 2940, 1, 2022/02/24, 18:23:48.085, 6351120051617, vstest.console.dll, TestPluginCache.GetExtensionPaths: Filtered extension paths: 
TpTrace Verbose: 0 : 2940, 1, 2022/02/24, 18:23:48.085, 6351120052080, vstest.console.dll, TestPluginCache.GetExtensionPaths: Added default extension paths: C:\Program Files\dotnet\sdk\5.0.403\Extensions\Microsoft.Diagnostics.NETCore.Client.dll
C:\Program Files\dotnet\sdk\5.0.403\Extensions\Microsoft.TestPlatform.Extensions.BlameDataCollector.dll
C:\Program Files\dotnet\sdk\5.0.403\Extensions\Microsoft.TestPlatform.Extensions.EventLogCollector.dll
C:\Program Files\dotnet\sdk\5.0.403\Extensions\Microsoft.TestPlatform.TestHostRuntimeProvider.dll
C:\Program Files\dotnet\sdk\5.0.403\Extensions\Microsoft.VisualStudio.TestPlatform.Extensions.Html.TestLogger.dll
C:\Program Files\dotnet\sdk\5.0.403\Extensions\Microsoft.VisualStudio.TestPlatform.Extensions.Trx.TestLogger.dll
TpTrace Verbose: 0 : 2940, 1, 2022/02/24, 18:23:48.085, 6351120052532, vstest.console.dll, TestPluginCache.GetExtensionPaths: Added unfilterableExtensionPaths: 
TpTrace Information: 0 : 2940, 1, 2022/02/24, 18:23:48.086, 6351120054735, vstest.console.dll, AssemblyResolver.AddSearchDirectories: Adding more searchDirectories C:\Program Files\dotnet\sdk\5.0.403\Extensions,C:\Program Files\dotnet\sdk\5.0.403
TpTrace Verbose: 0 : 2940, 1, 2022/02/24, 18:23:48.086, 6351120055411, vstest.console.dll, TestPluginCache.DiscoverTestExtensions: Discovering the extensions using extension path.
TpTrace Verbose: 0 : 2940, 1, 2022/02/24, 18:23:48.086, 6351120055932, vstest.console.dll, TestPluginCache.GetExtensionPaths: Filtered extension paths: 
TpTrace Verbose: 0 : 2940, 1, 2022/02/24, 18:23:48.086, 6351120056345, vstest.console.dll, TestPluginCache.GetExtensionPaths: Added default extension paths: C:\Program Files\dotnet\sdk\5.0.403\Extensions\Microsoft.Diagnostics.NETCore.Client.dll
C:\Program Files\dotnet\sdk\5.0.403\Extensions\Microsoft.TestPlatform.Extensions.BlameDataCollector.dll
C:\Program Files\dotnet\sdk\5.0.403\Extensions\Microsoft.TestPlatform.Extensions.EventLogCollector.dll
C:\Program Files\dotnet\sdk\5.0.403\Extensions\Microsoft.TestPlatform.TestHostRuntimeProvider.dll
C:\Program Files\dotnet\sdk\5.0.403\Extensions\Microsoft.VisualStudio.TestPlatform.Extensions.Html.TestLogger.dll
C:\Program Files\dotnet\sdk\5.0.403\Extensions\Microsoft.VisualStudio.TestPlatform.Extensions.Trx.TestLogger.dll
TpTrace Verbose: 0 : 2940, 1, 2022/02/24, 18:23:48.086, 6351120056875, vstest.console.dll, TestPluginCache.GetExtensionPaths: Added unfilterableExtensionPaths: 
TpTrace Verbose: 0 : 2940, 1, 2022/02/24, 18:23:48.086, 6351120057378, vstest.console.dll, TestPluginCache.DiscoverTestExtensions: Discovering the extensions using allExtensionPaths: C:\Program Files\dotnet\sdk\5.0.403\Extensions\Microsoft.Diagnostics.NETCore.Client.dll
C:\Program Files\dotnet\sdk\5.0.403\Extensions\Microsoft.TestPlatform.Extensions.BlameDataCollector.dll
C:\Program Files\dotnet\sdk\5.0.403\Extensions\Microsoft.TestPlatform.Extensions.EventLogCollector.dll
C:\Program Files\dotnet\sdk\5.0.403\Extensions\Microsoft.TestPlatform.TestHostRuntimeProvider.dll
C:\Program Files\dotnet\sdk\5.0.403\Extensions\Microsoft.VisualStudio.TestPlatform.Extensions.Html.TestLogger.dll
C:\Program Files\dotnet\sdk\5.0.403\Extensions\Microsoft.VisualStudio.TestPlatform.Extensions.Trx.TestLogger.dll
TpTrace Information: 0 : 2940, 1, 2022/02/24, 18:23:48.086, 6351120058072, vstest.console.dll, AssemblyResolver.AddSearchDirectories: Adding more searchDirectories C:\Program Files\dotnet\sdk\5.0.403\Extensions,C:\Program Files\dotnet\sdk\5.0.403
TpTrace Information: 0 : 2940, 1, 2022/02/24, 18:23:48.086, 6351120058571, vstest.console.dll, AssemblyResolver.AddSearchDirectories: Adding more searchDirectories C:\Program Files\dotnet\sdk\5.0.403\Extensions,C:\Program Files\dotnet\sdk\5.0.403
TpTrace Information: 0 : 2940, 1, 2022/02/24, 18:23:48.086, 6351120059018, vstest.console.dll, AssemblyResolver.AddSearchDirectories: Adding more searchDirectories C:\Program Files\dotnet\sdk\5.0.403\Extensions,C:\Program Files\dotnet\sdk\5.0.403
TpTrace Information: 0 : 2940, 1, 2022/02/24, 18:23:48.086, 6351120059485, vstest.console.dll, AssemblyResolver.AddSearchDirectories: Adding more searchDirectories C:\Program Files\dotnet\sdk\5.0.403\Extensions,C:\Program Files\dotnet\sdk\5.0.403
TpTrace Information: 0 : 2940, 1, 2022/02/24, 18:23:48.086, 6351120059930, vstest.console.dll, AssemblyResolver.AddSearchDirectories: Adding more searchDirectories C:\Program Files\dotnet\sdk\5.0.403\Extensions,C:\Program Files\dotnet\sdk\5.0.403
TpTrace Information: 0 : 2940, 1, 2022/02/24, 18:23:48.086, 6351120060359, vstest.console.dll, AssemblyResolver.AddSearchDirectories: Adding more searchDirectories C:\Program Files\dotnet\sdk\5.0.403\Extensions,C:\Program Files\dotnet\sdk\5.0.403
TpTrace Information: 0 : 2940, 1, 2022/02/24, 18:23:48.087, 6351120063875, vstest.console.dll, AssemblyResolver.OnResolve: Microsoft.Bcl.AsyncInterfaces: Resolving assembly.
TpTrace Information: 0 : 2940, 1, 2022/02/24, 18:23:48.087, 6351120064477, vstest.console.dll, AssemblyResolver.OnResolve: Microsoft.Bcl.AsyncInterfaces: Resolved from cache.
TpTrace Verbose: 0 : 2940, 1, 2022/02/24, 18:23:48.087, 6351120064961, vstest.console.dll, CurrentDomainAssemblyResolve: Resolving assembly 'Microsoft.Bcl.AsyncInterfaces'.
TpTrace Information: 0 : 2940, 1, 2022/02/24, 18:23:48.087, 6351120065791, vstest.console.dll, AssemblyResolver.OnResolve: Microsoft.Bcl.AsyncInterfaces: Resolving assembly.
TpTrace Information: 0 : 2940, 1, 2022/02/24, 18:23:48.087, 6351120066250, vstest.console.dll, AssemblyResolver.OnResolve: Microsoft.Bcl.AsyncInterfaces: Resolved from cache.
TpTrace Verbose: 0 : 2940, 1, 2022/02/24, 18:23:48.087, 6351120066684, vstest.console.dll, CurrentDomainAssemblyResolve: Resolving assembly 'Microsoft.Bcl.AsyncInterfaces'.
TpTrace Verbose: 0 : 2940, 1, 2022/02/24, 18:23:48.087, 6351120067175, vstest.console.dll, CurrentDomainAssemblyResolve: Failed to resolve assembly 'Microsoft.Bcl.AsyncInterfaces'.
TpTrace Verbose: 0 : 2940, 1, 2022/02/24, 18:23:48.087, 6351120069242, vstest.console.dll, CurrentDomainAssemblyResolve: Failed to resolve assembly 'Microsoft.Bcl.AsyncInterfaces'.
TpTrace Warning: 0 : 2940, 1, 2022/02/24, 18:23:48.088, 6351120073068, vstest.console.dll, TestPluginDiscoverer: Failed to get types from assembly 'Microsoft.Diagnostics.NETCore.Client, Version=0.2.2.41902, Culture=neutral, PublicKeyToken=31bf3856ad364e35'.  Skipping test extension scan for this assembly.  Error: System.Reflection.ReflectionTypeLoadException: Unable to load one or more of the requested types.
Could not load file or assembly 'Microsoft.Bcl.AsyncInterfaces, Version=1.0.0.0, Culture=neutral, PublicKeyToken=cc7b13ffcd2ddd51'. Le fichier spécifié est introuvable.
   at System.Reflection.RuntimeModule.GetTypes(RuntimeModule module)
   at System.Reflection.RuntimeModule.GetTypes()
   at System.Reflection.Assembly.GetTypes()
   at Microsoft.VisualStudio.TestPlatform.Common.ExtensionFramework.TestPluginDiscoverer.GetTestExtensionsFromAssembly[TPluginInfo,TExtension](Assembly assembly, Dictionary`2 pluginInfos)
System.IO.FileNotFoundException: Could not load file or assembly 'Microsoft.Bcl.AsyncInterfaces, Version=1.0.0.0, Culture=neutral, PublicKeyToken=cc7b13ffcd2ddd51'. Le fichier spécifié est introuvable.
File name: 'Microsoft.Bcl.AsyncInterfaces, Version=1.0.0.0, Culture=neutral, PublicKeyToken=cc7b13ffcd2ddd51'
TpTrace Warning: 0 : 2940, 1, 2022/02/24, 18:23:48.088, 6351120073799, vstest.console.dll, LoaderExceptions: System.IO.FileNotFoundException: Could not load file or assembly 'Microsoft.Bcl.AsyncInterfaces, Version=1.0.0.0, Culture=neutral, PublicKeyToken=cc7b13ffcd2ddd51'. Le fichier spécifié est introuvable.
File name: 'Microsoft.Bcl.AsyncInterfaces, Version=1.0.0.0, Culture=neutral, PublicKeyToken=cc7b13ffcd2ddd51'
TpTrace Verbose: 0 : 2940, 1, 2022/02/24, 18:23:48.088, 6351120078862, vstest.console.dll, TestPluginCache: Discovered the extensions using extension path ''.
TpTrace Verbose: 0 : 2940, 1, 2022/02/24, 18:23:48.088, 6351120079472, vstest.console.dll, TestPluginCache: Discoverers are ''.
TpTrace Verbose: 0 : 2940, 1, 2022/02/24, 18:23:48.088, 6351120079866, vstest.console.dll, TestPluginCache: Executors are ''.
TpTrace Verbose: 0 : 2940, 1, 2022/02/24, 18:23:48.088, 6351120080350, vstest.console.dll, TestPluginCache: Executors2 are ''.
TpTrace Verbose: 0 : 2940, 1, 2022/02/24, 18:23:48.088, 6351120080744, vstest.console.dll, TestPluginCache: Setting providers are ''.
TpTrace Verbose: 0 : 2940, 1, 2022/02/24, 18:23:48.088, 6351120081657, vstest.console.dll, TestPluginCache: Loggers are 'logger://Microsoft/TestPlatform/Extensions/Blame/v1,logger://Microsoft/TestPlatform/HtmlLogger/v1,logger://Microsoft/TestPlatform/TrxLogger/v1'.
TpTrace Information: 0 : 2940, 1, 2022/02/24, 18:23:48.089, 6351120090873, vstest.console.dll, TestPluginManager.CreateTestExtension: Attempting to load test extension: Microsoft.TestPlatform.Extensions.BlameDataCollector.BlameLogger
TpTrace Information: 0 : 2940, 1, 2022/02/24, 18:23:48.103, 6351120226020, vstest.console.dll, TestPluginManager.CreateTestExtension: Attempting to load test extension: Microsoft.VisualStudio.TestPlatform.CrossPlatEngine.Hosting.DefaultTestHostManager
TpTrace Information: 0 : 2940, 1, 2022/02/24, 18:23:48.103, 6351120230509, vstest.console.dll, TestPluginManager.CreateTestExtension: Attempting to load test extension: Microsoft.VisualStudio.TestPlatform.CrossPlatEngine.Hosting.DotnetTestHostManager
TpTrace Verbose: 0 : 2940, 1, 2022/02/24, 18:23:48.104, 6351120238827, vstest.console.dll, TestEngine: Initializing Parallel Execution as MaxCpuCount is set to: 1
TpTrace Information: 0 : 2940, 1, 2022/02/24, 18:23:48.105, 6351120246627, vstest.console.dll, InferRunSettingsHelper.IsTestSettingsEnabled: Unable to navigate to RunSettings/MSTest. Current node: RunSettings
TpTrace Verbose: 0 : 2940, 1, 2022/02/24, 18:23:48.123, 6351120425419, vstest.console.dll, TestRequestSender is acting as server
TpTrace Verbose: 0 : 2940, 4, 2022/02/24, 18:23:48.128, 6351120476050, vstest.console.dll, DataCollectionRequestSender.InitializeCommunication : Initialize communication. 
TpTrace Information: 0 : 2940, 4, 2022/02/24, 18:23:48.140, 6351120594460, vstest.console.dll, Listening on Endpoint : 127.0.0.1:52756
TpTrace Verbose: 0 : 2940, 4, 2022/02/24, 18:23:48.152, 6351120716451, vstest.console.dll, DotnetDataCollectionLauncher: Full path of dotnet.exe is C:\Program Files\dotnet\dotnet.exe
TpTrace Verbose: 0 : 2940, 4, 2022/02/24, 18:23:48.152, 6351120718438, vstest.console.dll, DotnetDataCollectionLauncher: Adding  --runtimeconfig "C:\Program Files\dotnet\sdk\5.0.403\datacollector.runtimeconfig.json" in args
TpTrace Verbose: 0 : 2940, 4, 2022/02/24, 18:23:48.152, 6351120719691, vstest.console.dll, DotnetDataCollectionLauncher: Adding  --depsfile "C:\Program Files\dotnet\sdk\5.0.403\datacollector.deps.json" in args
TpTrace Information: 0 : 2940, 4, 2022/02/24, 18:23:48.160, 6351120798124, vstest.console.dll, ProxyDataCollectionManager.Initialize: Launched datacollector processId: 11156 port: 52756
TpTrace Information: 0 : 2940, 4, 2022/02/24, 18:23:48.160, 6351120799723, vstest.console.dll, ProxyDataCollectionManager.Initialize: waiting for connection with timeout: 90 seconds
TpTrace Verbose: 0 : 2940, 4, 2022/02/24, 18:23:48.160, 6351120800385, vstest.console.dll, DataCollectionRequestSender.WaitForRequestHandlerConnection : Waiting for connection with timeout: 90000
TpTrace Information: 0 : 2940, 7, 2022/02/24, 18:23:48.415, 6351123347588, vstest.console.dll, Using the buffer size of 16384 bytes
TpTrace Verbose: 0 : 2940, 4, 2022/02/24, 18:23:48.415, 6351123349113, vstest.console.dll, ProxyDataCollectionManager.InvokeDataCollectionServiceAction: Starting.
TpTrace Information: 0 : 2940, 7, 2022/02/24, 18:23:48.415, 6351123349410, vstest.console.dll, Accepted Client request and set the flag
TpTrace Information: 0 : 2940, 4, 2022/02/24, 18:23:48.415, 6351123351225, vstest.console.dll, ProxyDataCollectionManager.BeforeTestRunStart: Get environment variable and port for datacollector processId: 11156 port: 52756
TpTrace Verbose: 0 : 2940, 4, 2022/02/24, 18:23:48.416, 6351123353867, vstest.console.dll, DataCollectionRequestSender.SendBeforeTestRunStartAndGetResult : Send BeforeTestRunStart message with settingsXml <RunSettings><RunConfiguration><ResultsDirectory>C:\APPS\archilog\src\ArchiLog\Archi.Test\bin\Debug\netcoreapp3.1\fine-code-coverage\coverage-tool-output</ResultsDirectory><TargetPlatform>X64</TargetPlatform><TargetFrameworkVersion>.NETCoreApp,Version=v3.1</TargetFrameworkVersion><DesignMode>False</DesignMode><CollectSourceInformation>False</CollectSourceInformation><TestAdaptersPaths>C:\Program Files\dotnet\sdk\5.0.403\Extensions</TestAdaptersPaths></RunConfiguration><LoggerRunSettings><Loggers><Logger friendlyName="blame" enabled="True" /><Logger friendlyName="Console" uri="logger://microsoft/TestPlatform/ConsoleLogger/v1" assemblyQualifiedName="Microsoft.VisualStudio.TestPlatform.CommandLine.Internal.ConsoleLogger, vstest.console, Version=15.0.0.0, Culture=neutral, PublicKeyToken=b03f5f7f11d50a3a" codeBase="C:\Program Files\dotnet\sdk\5.0.403\vstest.console.dll" enabled="True" /></Loggers></LoggerRunSettings><DataCollectionRunSettings><DataCollectors><DataCollector friendlyName="blame" enabled="True"><Configuration><ResultsDirectory>C:\APPS\archilog\src\ArchiLog\Archi.Test\bin\Debug\netcoreapp3.1\fine-code-coverage\coverage-tool-output</ResultsDirectory></Configuration></DataCollector></DataCollectors></DataCollectionRunSettings></RunSettings> and sources System.Linq.Enumerable+Concat2Iterator`1[System.String]: 
TpTrace Verbose: 0 : 2940, 4, 2022/02/24, 18:23:48.558, 6351124777048, vstest.console.dll, DataCollectionRequestSender.SendBeforeTestRunStartAndGetResult : Received message: (DataCollection.SendMessage) -> {
  "FriendlyName": null,
  "Uri": null,
  "TestCaseId": "00000000-0000-0000-0000-000000000000",
  "Message": "Logging DataCollector Diagnostics in file: C:\\APPS\\archilog\\src\\ArchiLog\\Archi.Test\\bin\\Debug\\netcoreapp3.1\\fine-code-coverage\\coverage-tool-output\\diagnostics.datacollector.22-02-24_18-23-48_14694_4.log",
  "Level": 0
}
TpTrace Verbose: 0 : 2940, 4, 2022/02/24, 18:23:48.634, 6351125539216, vstest.console.dll, DataCollectionRequestSender.SendBeforeTestRunStartAndGetResult : Received message: (DataCollection.BeforeTestRunStartResult) -> {
  "EnvironmentVariables": {},
  "DataCollectionEventsPort": 52758
}
TpTrace Information: 0 : 2940, 4, 2022/02/24, 18:23:48.639, 6351125584590, vstest.console.dll, ProxyDataCollectionManager.BeforeTestRunStart: SendBeforeTestRunStartAndGetResult successful, env variable from datacollector:   and testhost port: 52758
TpTrace Information: 0 : 2940, 4, 2022/02/24, 18:23:48.639, 6351125585765, vstest.console.dll, ProxyDataCollectionManager.InvokeDataCollectionServiceAction: Completed.
TpTrace Verbose: 0 : 2940, 1, 2022/02/24, 18:23:48.639, 6351125587609, vstest.console.dll, TestRunRequest.ExecuteAsync: Creating test run request.
TpTrace Verbose: 0 : 2940, 1, 2022/02/24, 18:23:48.639, 6351125590666, vstest.console.dll, TestRunRequest.ExecuteAsync: Starting.
TpTrace Information: 0 : 2940, 1, 2022/02/24, 18:23:48.640, 6351125593907, vstest.console.dll, TestRunRequest.ExecuteAsync: Starting run with settings:TestRunCriteria:
   KeepAlive=False,FrequencyOfRunStatsChangeEvent=10,RunStatsChangeEventTimeout=00:00:01.5000000,TestCaseFilter=,TestExecutorLauncher=
   Settingsxml=<RunSettings>
  <RunConfiguration>
    <ResultsDirectory>C:\APPS\archilog\src\ArchiLog\Archi.Test\bin\Debug\netcoreapp3.1\fine-code-coverage\coverage-tool-output</ResultsDirectory>
    <TargetPlatform>X64</TargetPlatform>
    <TargetFrameworkVersion>.NETCoreApp,Version=v3.1</TargetFrameworkVersion>
    <DesignMode>False</DesignMode>
    <CollectSourceInformation>False</CollectSourceInformation>
  </RunConfiguration>
  <LoggerRunSettings>
    <Loggers>
      <Logger friendlyName="blame" enabled="True" />
      <Logger friendlyName="Console" uri="logger://microsoft/TestPlatform/ConsoleLogger/v1" assemblyQualifiedName="Microsoft.VisualStudio.TestPlatform.CommandLine.Internal.ConsoleLogger, vstest.console, Version=15.0.0.0, Culture=neutral, PublicKeyToken=b03f5f7f11d50a3a" codeBase="C:\Program Files\dotnet\sdk\5.0.403\vstest.console.dll" enabled="True" />
    </Loggers>
  </LoggerRunSettings>
  <DataCollectionRunSettings>
    <DataCollectors>
      <DataCollector friendlyName="blame" enabled="True">
        <Configuration>
          <ResultsDirectory>C:\APPS\archilog\src\ArchiLog\Archi.Test\bin\Debug\netcoreapp3.1\fine-code-coverage\coverage-tool-output</ResultsDirectory>
        </Configuration>
      </DataCollector>
    </DataCollectors>
  </DataCollectionRunSettings>
</RunSettings>

TpTrace Verbose: 0 : 2940, 1, 2022/02/24, 18:23:48.640, 6351125594552, vstest.console.dll, TestRunRequest.ExecuteAsync: Wait for the first run request is over.
TpTrace Verbose: 0 : 2940, 1, 2022/02/24, 18:23:48.640, 6351125599275, vstest.console.dll, ParallelProxyExecutionManager: Start execution. Total sources: 1
TpTrace Information: 0 : 2940, 1, 2022/02/24, 18:23:48.641, 6351125606714, vstest.console.dll, ProxyParallelExecutionManager: Triggering test run for next source: C:\APPS\archilog\src\ArchiLog\Archi.Test\bin\Debug\netcoreapp3.1\fine-code-coverage\build-output\Archi.Test.dll
TpTrace Verbose: 0 : 2940, 6, 2022/02/24, 18:23:48.641, 6351125609004, vstest.console.dll, ParallelProxyExecutionManager: Execution started. Started clients: 1
TpTrace Verbose: 0 : 2940, 1, 2022/02/24, 18:23:48.641, 6351125609235, vstest.console.dll, ProxyParallelExecutionManager: No sources available for execution.
TpTrace Information: 0 : 2940, 1, 2022/02/24, 18:23:48.641, 6351125610752, vstest.console.dll, TestRunRequest.ExecuteAsync: Started.
TpTrace Verbose: 0 : 2940, 1, 2022/02/24, 18:23:48.641, 6351125611735, vstest.console.dll, TestRunRequest.WaitForCompletion: Waiting with timeout -1.
TpTrace Verbose: 0 : 2940, 6, 2022/02/24, 18:23:48.641, 6351125612431, vstest.console.dll, TestRunRequest:SendTestRunMessage: Starting.
TpTrace Information: 0 : 2940, 6, 2022/02/24, 18:23:48.642, 6351125613876, vstest.console.dll, TestRunRequest:SendTestRunMessage: Completed.
TpTrace Verbose: 0 : 2940, 6, 2022/02/24, 18:23:48.642, 6351125616303, vstest.console.dll, ProxyExecutionManager: Test host is always Lazy initialize.
TpTrace Verbose: 0 : 2940, 6, 2022/02/24, 18:23:48.642, 6351125619036, vstest.console.dll, TestRequestSender.InitializeCommunication: initialize communication. 
TpTrace Information: 0 : 2940, 6, 2022/02/24, 18:23:48.643, 6351125625080, vstest.console.dll, SocketServer.Start: Listening on endpoint : 127.0.0.1:52759
TpTrace Verbose: 0 : 2940, 6, 2022/02/24, 18:23:48.644, 6351125633791, vstest.console.dll, DotnetTestHostmanager: Adding  --runtimeconfig "C:\APPS\archilog\src\ArchiLog\Archi.Test\bin\Debug\netcoreapp3.1\fine-code-coverage\build-output\Archi.Test.runtimeconfig.json" in args
TpTrace Verbose: 0 : 2940, 6, 2022/02/24, 18:23:48.644, 6351125635244, vstest.console.dll, DotnetTestHostmanager: Adding  --depsfile "C:\APPS\archilog\src\ArchiLog\Archi.Test\bin\Debug\netcoreapp3.1\fine-code-coverage\build-output\Archi.Test.deps.json" in args
TpTrace Verbose: 0 : 2940, 6, 2022/02/24, 18:23:48.644, 6351125637870, vstest.console.dll, DotnetTestHostManager: Testhost.exe/testhost.x86.exe found at path: C:\APPS\archilog\src\ArchiLog\Archi.Test\bin\Debug\netcoreapp3.1\fine-code-coverage\build-output\testhost.exe
TpTrace Verbose: 0 : 2940, 6, 2022/02/24, 18:23:48.644, 6351125638570, vstest.console.dll, DotnetTestHostmanager: Full path of host exe is C:\APPS\archilog\src\ArchiLog\Archi.Test\bin\Debug\netcoreapp3.1\fine-code-coverage\build-output\testhost.exe
TpTrace Verbose: 0 : 2940, 4, 2022/02/24, 18:23:48.645, 6351125649050, vstest.console.dll, DotnetTestHostManager: Starting process 'C:\APPS\archilog\src\ArchiLog\Archi.Test\bin\Debug\netcoreapp3.1\fine-code-coverage\build-output\testhost.exe' with command line ' --runtimeconfig "C:\APPS\archilog\src\ArchiLog\Archi.Test\bin\Debug\netcoreapp3.1\fine-code-coverage\build-output\Archi.Test.runtimeconfig.json" --depsfile "C:\APPS\archilog\src\ArchiLog\Archi.Test\bin\Debug\netcoreapp3.1\fine-code-coverage\build-output\Archi.Test.deps.json" --port 52759 --endpoint 127.0.0.1:052759 --role client --parentprocessid 2940 --diag "C:\APPS\archilog\src\ArchiLog\Archi.Test\bin\Debug\netcoreapp3.1\fine-code-coverage\coverage-tool-output\diagnostics.host.22-02-24_18-23-48_64358_6.log" --tracelevel 4 --datacollectionport 52758 --telemetryoptedin false'
TpTrace Verbose: 0 : 2940, 4, 2022/02/24, 18:23:48.653, 6351125728754, vstest.console.dll, Test Runtime launched
TpTrace Verbose: 0 : 2940, 6, 2022/02/24, 18:23:48.654, 6351125735971, vstest.console.dll, TestRequestSender.WaitForRequestHandlerConnection: waiting for connection with timeout: 90000
TpTrace Verbose: 0 : 2940, 14, 2022/02/24, 18:23:49.012, 6351129313844, vstest.console.dll, SocketServer.OnClientConnected: Client connected for endPoint: 127.0.0.1:52759, starting MessageLoopAsync:
TpTrace Verbose: 0 : 2940, 4, 2022/02/24, 18:23:49.012, 6351129316673, vstest.console.dll, TcpClientExtensions.MessageLoopAsync: Polling on remoteEndPoint: 127.0.0.1:52760 localEndPoint: 127.0.0.1:52759
TpTrace Verbose: 0 : 2940, 4, 2022/02/24, 18:23:49.166, 6351130861992, vstest.console.dll, TcpClientExtensions.MessageLoopAsync: NotifyDataAvailable remoteEndPoint: 127.0.0.1:52760 localEndPoint: 127.0.0.1:52759
TpTrace Verbose: 0 : 2940, 4, 2022/02/24, 18:23:49.167, 6351130865247, vstest.console.dll, TestRequestSender.CheckVersionWithTestHost: onMessageReceived received message: (ProtocolVersion) -> 5
TpTrace Verbose: 0 : 2940, 4, 2022/02/24, 18:23:49.167, 6351130869935, vstest.console.dll, TcpClientExtensions.MessageLoopAsync: Polling on remoteEndPoint: 127.0.0.1:52760 localEndPoint: 127.0.0.1:52759
TpTrace Verbose: 0 : 2940, 6, 2022/02/24, 18:23:49.167, 6351130871276, vstest.console.dll, TestPluginCache.GetExtensionPaths: Filtered extension paths: 
TpTrace Verbose: 0 : 2940, 6, 2022/02/24, 18:23:49.167, 6351130872034, vstest.console.dll, TestPluginCache.GetExtensionPaths: Added default extension paths: C:\Program Files\dotnet\sdk\5.0.403\Extensions\Microsoft.Diagnostics.NETCore.Client.dll
C:\Program Files\dotnet\sdk\5.0.403\Extensions\Microsoft.TestPlatform.Extensions.BlameDataCollector.dll
C:\Program Files\dotnet\sdk\5.0.403\Extensions\Microsoft.TestPlatform.Extensions.EventLogCollector.dll
C:\Program Files\dotnet\sdk\5.0.403\Extensions\Microsoft.TestPlatform.TestHostRuntimeProvider.dll
C:\Program Files\dotnet\sdk\5.0.403\Extensions\Microsoft.VisualStudio.TestPlatform.Extensions.Html.TestLogger.dll
C:\Program Files\dotnet\sdk\5.0.403\Extensions\Microsoft.VisualStudio.TestPlatform.Extensions.Trx.TestLogger.dll
TpTrace Verbose: 0 : 2940, 6, 2022/02/24, 18:23:49.167, 6351130872386, vstest.console.dll, TestPluginCache.GetExtensionPaths: Added unfilterableExtensionPaths: 
TpTrace Verbose: 0 : 2940, 6, 2022/02/24, 18:23:49.171, 6351130910902, vstest.console.dll, TestRequestSender.InitializeExecution: Sending initializing execution with message: {"Version":5,"MessageType":"TestExecution.Initialize","Payload":["C:\\APPS\\archilog\\src\\ArchiLog\\Archi.Test\\bin\\Debug\\netcoreapp3.1\\fine-code-coverage\\build-output\\NUnit3.TestAdapter.dll"]}
TpTrace Verbose: 0 : 2940, 4, 2022/02/24, 18:23:49.179, 6351130990731, vstest.console.dll, TcpClientExtensions.MessageLoopAsync: NotifyDataAvailable remoteEndPoint: 127.0.0.1:52760 localEndPoint: 127.0.0.1:52759
TpTrace Verbose: 0 : 2940, 4, 2022/02/24, 18:23:49.179, 6351130992245, vstest.console.dll, TestRequestSender.OnExecutionMessageReceived: Received message: {"Version":5,"MessageType":"TestSession.Message","Payload":{"MessageLevel":0,"Message":"Logging TestHost Diagnostics in file: C:\\APPS\\archilog\\src\\ArchiLog\\Archi.Test\\bin\\Debug\\netcoreapp3.1\\fine-code-coverage\\coverage-tool-output\\diagnostics.host.22-02-24_18-23-48_64358_6.log"}}
TpTrace Verbose: 0 : 2940, 6, 2022/02/24, 18:23:49.180, 6351130995389, vstest.console.dll, TestRequestSender.StartTestRun: Sending test run with message: {"Version":5,"MessageType":"TestExecution.StartWithSources","Payload":{"AdapterSourceMap":{"_none_":["C:\\APPS\\archilog\\src\\ArchiLog\\Archi.Test\\bin\\Debug\\netcoreapp3.1\\fine-code-coverage\\build-output\\Archi.Test.dll"]},"RunSettings":"<RunSettings>\r\n  <RunConfiguration>\r\n    <ResultsDirectory>C:\\APPS\\archilog\\src\\ArchiLog\\Archi.Test\\bin\\Debug\\netcoreapp3.1\\fine-code-coverage\\coverage-tool-output</ResultsDirectory>\r\n    <TargetPlatform>X64</TargetPlatform>\r\n    <TargetFrameworkVersion>.NETCoreApp,Version=v3.1</TargetFrameworkVersion>\r\n    <DesignMode>False</DesignMode>\r\n    <CollectSourceInformation>False</CollectSourceInformation>\r\n  </RunConfiguration>\r\n  <LoggerRunSettings>\r\n    <Loggers>\r\n      <Logger friendlyName=\"blame\" enabled=\"True\" />\r\n      <Logger friendlyName=\"Console\" uri=\"logger://microsoft/TestPlatform/ConsoleLogger/v1\" assemblyQualifiedName=\"Microsoft.VisualStudio.TestPlatform.CommandLine.Internal.ConsoleLogger, vstest.console, Version=15.0.0.0, Culture=neutral, PublicKeyToken=b03f5f7f11d50a3a\" codeBase=\"C:\\Program Files\\dotnet\\sdk\\5.0.403\\vstest.console.dll\" enabled=\"True\" />\r\n    </Loggers>\r\n  </LoggerRunSettings>\r\n  <DataCollectionRunSettings>\r\n    <DataCollectors>\r\n      <DataCollector friendlyName=\"blame\" enabled=\"True\">\r\n        <Configuration>\r\n          <ResultsDirectory>C:\\APPS\\archilog\\src\\ArchiLog\\Archi.Test\\bin\\Debug\\netcoreapp3.1\\fine-code-coverage\\coverage-tool-output</ResultsDirectory>\r\n        </Configuration>\r\n      </DataCollector>\r\n    </DataCollectors>\r\n  </DataCollectionRunSettings>\r\n</RunSettings>","TestExecutionContext":{"FrequencyOfRunStatsChangeEvent":10,"RunStatsChangeEventTimeout":"00:00:01.5000000","InIsolation":false,"KeepAlive":false,"AreTestCaseLevelEventsRequired":false,"IsDebug":false,"TestCaseFilter":null,"FilterOptions":null},"Package":null}}
TpTrace Verbose: 0 : 2940, 4, 2022/02/24, 18:23:49.182, 6351131015492, vstest.console.dll, TestRunRequest:SendTestRunMessage: Starting.
TpTrace Information: 0 : 2940, 4, 2022/02/24, 18:23:49.182, 6351131016983, vstest.console.dll, TestRunRequest:SendTestRunMessage: Completed.
TpTrace Verbose: 0 : 2940, 4, 2022/02/24, 18:23:49.182, 6351131017472, vstest.console.dll, TcpClientExtensions.MessageLoopAsync: Polling on remoteEndPoint: 127.0.0.1:52760 localEndPoint: 127.0.0.1:52759
TpTrace Verbose: 0 : 2940, 4, 2022/02/24, 18:23:49.354, 6351132733247, vstest.console.dll, TcpClientExtensions.MessageLoopAsync: NotifyDataAvailable remoteEndPoint: 127.0.0.1:52760 localEndPoint: 127.0.0.1:52759
TpTrace Verbose: 0 : 2940, 4, 2022/02/24, 18:23:49.354, 6351132734491, vstest.console.dll, TestRequestSender.OnExecutionMessageReceived: Received message: {"Version":5,"MessageType":"TestSession.Message","Payload":{"MessageLevel":0,"Message":"NUnit Adapter 4.2.0.0: Test execution started"}}
TpTrace Verbose: 0 : 2940, 4, 2022/02/24, 18:23:49.354, 6351132736665, vstest.console.dll, TestRunRequest:SendTestRunMessage: Starting.
TpTrace Information: 0 : 2940, 4, 2022/02/24, 18:23:49.354, 6351132737217, vstest.console.dll, TestRunRequest:SendTestRunMessage: Completed.
TpTrace Verbose: 0 : 2940, 4, 2022/02/24, 18:23:49.354, 6351132737534, vstest.console.dll, TcpClientExtensions.MessageLoopAsync: Polling on remoteEndPoint: 127.0.0.1:52760 localEndPoint: 127.0.0.1:52759
TpTrace Verbose: 0 : 2940, 4, 2022/02/24, 18:23:49.388, 6351133073301, vstest.console.dll, TcpClientExtensions.MessageLoopAsync: NotifyDataAvailable remoteEndPoint: 127.0.0.1:52760 localEndPoint: 127.0.0.1:52759
TpTrace Verbose: 0 : 2940, 4, 2022/02/24, 18:23:49.388, 6351133074980, vstest.console.dll, TestRequestSender.OnExecutionMessageReceived: Received message: {"Version":5,"MessageType":"TestSession.Message","Payload":{"MessageLevel":0,"Message":"Running all tests in C:\\APPS\\archilog\\src\\ArchiLog\\Archi.Test\\bin\\Debug\\netcoreapp3.1\\fine-code-coverage\\build-output\\Archi.Test.dll"}}
TpTrace Verbose: 0 : 2940, 4, 2022/02/24, 18:23:49.388, 6351133077462, vstest.console.dll, TestRunRequest:SendTestRunMessage: Starting.
TpTrace Information: 0 : 2940, 4, 2022/02/24, 18:23:49.388, 6351133078274, vstest.console.dll, TestRunRequest:SendTestRunMessage: Completed.
TpTrace Verbose: 0 : 2940, 4, 2022/02/24, 18:23:49.388, 6351133078837, vstest.console.dll, TcpClientExtensions.MessageLoopAsync: Polling on remoteEndPoint: 127.0.0.1:52760 localEndPoint: 127.0.0.1:52759
TpTrace Verbose: 0 : 2940, 4, 2022/02/24, 18:23:49.539, 6351134592451, vstest.console.dll, TcpClientExtensions.MessageLoopAsync: NotifyDataAvailable remoteEndPoint: 127.0.0.1:52760 localEndPoint: 127.0.0.1:52759
TpTrace Verbose: 0 : 2940, 4, 2022/02/24, 18:23:49.540, 6351134593596, vstest.console.dll, TestRequestSender.OnExecutionMessageReceived: Received message: {"Version":5,"MessageType":"TestSession.Message","Payload":{"MessageLevel":0,"Message":"   NUnit3TestExecutor discovered 12 of 12 NUnit test cases using Current Discovery mode, Non-Explicit run"}}
TpTrace Verbose: 0 : 2940, 4, 2022/02/24, 18:23:49.540, 6351134595176, vstest.console.dll, TestRunRequest:SendTestRunMessage: Starting.
TpTrace Information: 0 : 2940, 4, 2022/02/24, 18:23:49.540, 6351134595718, vstest.console.dll, TestRunRequest:SendTestRunMessage: Completed.
TpTrace Verbose: 0 : 2940, 4, 2022/02/24, 18:23:49.540, 6351134596031, vstest.console.dll, TcpClientExtensions.MessageLoopAsync: Polling on remoteEndPoint: 127.0.0.1:52760 localEndPoint: 127.0.0.1:52759
TpTrace Verbose: 0 : 2940, 4, 2022/02/24, 18:23:50.113, 6351140331436, vstest.console.dll, TcpClientExtensions.MessageLoopAsync: NotifyDataAvailable remoteEndPoint: 127.0.0.1:52760 localEndPoint: 127.0.0.1:52759
TpTrace Verbose: 0 : 2940, 4, 2022/02/24, 18:23:50.114, 6351140333530, vstest.console.dll, TestRequestSender.OnExecutionMessageReceived: Received message: {"Version":5,"MessageType":"TestExecution.StatsChange","Payload":{"NewTestResults":[{"TestCase":{"Id":"a2fdefa1-1b18-ba7f-7e18-f569861e60ab","FullyQualifiedName":"Archi.Test.CustomerControllerTests.on_ne_peut_pas_avoir_un_customer_avec_email_null","DisplayName":"on_ne_peut_pas_avoir_un_customer_avec_email_null","ExecutorUri":"executor://NUnit3TestExecutor","Source":"C:\\APPS\\archilog\\src\\ArchiLog\\Archi.Test\\bin\\Debug\\netcoreapp3.1\\fine-code-coverage\\build-output\\Archi.Test.dll","CodeFilePath":null,"LineNumber":0,"Properties":[{"Key":{"Id":"NUnit.Seed","Label":"Seed","Category":"","Description":"","Attributes":0,"ValueType":"System.String"},"Value":"1569103327"}]},"Attachments":[],"Outcome":1,"ErrorMessage":null,"ErrorStackTrace":null,"DisplayName":"on_ne_peut_pas_avoir_un_customer_avec_email_null","Messages":[],"ComputerName":"LAPTOP-6LVMBAGV","Duration":"00:00:00.4551560","StartTime":"2022-02-24T17:23:49.5763231+00:00","EndTime":"2022-02-24T17:23:50.0313785+00:00","Properties":[{"Key":{"Id":"NUnit.Seed","Label":"Seed","Category":"","Description":"","Attributes":0,"ValueType":"System.String"},"Value":"1569103327"}]},{"TestCase":{"Id":"9b78f008-6cd9-263f-c452-1759c12bc83a","FullyQualifiedName":"Archi.Test.CustomerControllerTests.on_ne_peut_pas_avoir_un_customer_avec_email_vide","DisplayName":"on_ne_peut_pas_avoir_un_customer_avec_email_vide","ExecutorUri":"executor://NUnit3TestExecutor","Source":"C:\\APPS\\archilog\\src\\ArchiLog\\Archi.Test\\bin\\Debug\\netcoreapp3.1\\fine-code-coverage\\build-output\\Archi.Test.dll","CodeFilePath":null,"LineNumber":0,"Properties":[{"Key":{"Id":"NUnit.Seed","Label":"Seed","Category":"","Description":"","Attributes":0,"ValueType":"System.String"},"Value":"29831292"}]},"Attachments":[],"Outcome":1,"ErrorMessage":null,"ErrorStackTrace":null,"DisplayName":"on_ne_peut_pas_avoir_un_customer_avec_email_vide","Messages":[],"ComputerName":"LAPTOP-6LVMBAGV","Duration":"00:00:00.0222170","StartTime":"2022-02-24T17:23:50.0332327+00:00","EndTime":"2022-02-24T17:23:50.0554467+00:00","Properties":[{"Key":{"Id":"NUnit.Seed","Label":"Seed","Category":"","Description":"","Attributes":0,"ValueType":"System.String"},"Value":"29831292"}]},{"TestCase":{"Id":"69879afa-ca16-1df0-1c6c-6edb6707c306","FullyQualifiedName":"Archi.Test.CustomerControllerTests.on_ne_peut_pas_avoir_un_customer_avec_firstname_null","DisplayName":"on_ne_peut_pas_avoir_un_customer_avec_firstname_null","ExecutorUri":"executor://NUnit3TestExecutor","Source":"C:\\APPS\\archilog\\src\\ArchiLog\\Archi.Test\\bin\\Debug\\netcoreapp3.1\\fine-code-coverage\\build-output\\Archi.Test.dll","CodeFilePath":null,"LineNumber":0,"Properties":[{"Key":{"Id":"NUnit.Seed","Label":"Seed","Category":"","Description":"","Attributes":0,"ValueType":"System.String"},"Value":"1780843264"}]},"Attachments":[],"Outcome":1,"ErrorMessage":null,"ErrorStackTrace":null,"DisplayName":"on_ne_peut_pas_avoir_un_customer_avec_firstname_null","Messages":[],"ComputerName":"LAPTOP-6LVMBAGV","Duration":"00:00:00.0068370","StartTime":"2022-02-24T17:23:50.0554972+00:00","EndTime":"2022-02-24T17:23:50.0623332+00:00","Properties":[{"Key":{"Id":"NUnit.Seed","Label":"Seed","Category":"","Description":"","Attributes":0,"ValueType":"System.String"},"Value":"1780843264"}]},{"TestCase":{"Id":"941365b1-5aae-508c-522c-df0b76a89aba","FullyQualifiedName":"Archi.Test.CustomerControllerTests.on_ne_peut_pas_avoir_un_customer_avec_firstname_vide","DisplayName":"on_ne_peut_pas_avoir_un_customer_avec_firstname_vide","ExecutorUri":"executor://NUnit3TestExecutor","Source":"C:\\APPS\\archilog\\src\\ArchiLog\\Archi.Test\\bin\\Debug\\netcoreapp3.1\\fine-code-coverage\\build-output\\Archi.Test.dll","CodeFilePath":null,"LineNumber":0,"Properties":[{"Key":{"Id":"NUnit.Seed","Label":"Seed","Category":"","Description":"","Attributes":0,"ValueType":"System.String"},"Value":"1995746717"}]},"Attachments":[],"Outcome":1,"ErrorMessage":null,"ErrorStackTrace":null,"DisplayName":"on_ne_peut_pas_avoir_un_customer_avec_firstname_vide","Messages":[],"ComputerName":"LAPTOP-6LVMBAGV","Duration":"00:00:00.0007470","StartTime":"2022-02-24T17:23:50.0623523+00:00","EndTime":"2022-02-24T17:23:50.0630986+00:00","Properties":[{"Key":{"Id":"NUnit.Seed","Label":"Seed","Category":"","Description":"","Attributes":0,"ValueType":"System.String"},"Value":"1995746717"}]},{"TestCase":{"Id":"938a2ea8-b19e-3b74-01f2-d242d886925f","FullyQualifiedName":"Archi.Test.CustomerControllerTests.on_ne_peut_pas_avoir_un_customer_avec_phone_null","DisplayName":"on_ne_peut_pas_avoir_un_customer_avec_phone_null","ExecutorUri":"executor://NUnit3TestExecutor","Source":"C:\\APPS\\archilog\\src\\ArchiLog\\Archi.Test\\bin\\Debug\\netcoreapp3.1\\fine-code-coverage\\build-output\\Archi.Test.dll","CodeFilePath":null,"LineNumber":0,"Properties":[{"Key":{"Id":"NUnit.Seed","Label":"Seed","Category":"","Description":"","Attributes":0,"ValueType":"System.String"},"Value":"890047942"}]},"Attachments":[],"Outcome":1,"ErrorMessage":null,"ErrorStackTrace":null,"DisplayName":"on_ne_peut_pas_avoir_un_customer_avec_phone_null","Messages":[],"ComputerName":"LAPTOP-6LVMBAGV","Duration":"00:00:00.0007649","StartTime":"2022-02-24T17:23:50.0631132+00:00","EndTime":"2022-02-24T17:23:50.0638771+00:00","Properties":[{"Key":{"Id":"NUnit.Seed","Label":"Seed","Category":"","Description":"","Attributes":0,"ValueType":"System.String"},"Value":"890047942"}]},{"TestCase":{"Id":"07a49d62-6761-3bc6-44e5-7078c2444150","FullyQualifiedName":"Archi.Test.CustomerControllerTests.on_ne_peut_pas_avoir_un_customer_avec_phone_vide","DisplayName":"on_ne_peut_pas_avoir_un_customer_avec_phone_vide","ExecutorUri":"executor://NUnit3TestExecutor","Source":"C:\\APPS\\archilog\\src\\ArchiLog\\Archi.Test\\bin\\Debug\\netcoreapp3.1\\fine-code-coverage\\build-output\\Archi.Test.dll","CodeFilePath":null,"LineNumber":0,"Properties":[{"Key":{"Id":"NUnit.Seed","Label":"Seed","Category":"","Description":"","Attributes":0,"ValueType":"System.String"},"Value":"2142047616"}]},"Attachments":[],"Outcome":1,"ErrorMessage":null,"ErrorStackTrace":null,"DisplayName":"on_ne_peut_pas_avoir_un_customer_avec_phone_vide","Messages":[],"ComputerName":"LAPTOP-6LVMBAGV","Duration":"00:00:00.0007630","StartTime":"2022-02-24T17:23:50.0638919+00:00","EndTime":"2022-02-24T17:23:50.0646545+00:00","Properties":[{"Key":{"Id":"NUnit.Seed","Label":"Seed","Category":"","Description":"","Attributes":0,"ValueType":"System.String"},"Value":"2142047616"}]},{"TestCase":{"Id":"6f0579aa-60b3-7f39-f8fa-14b8eed30af0","FullyQualifiedName":"Archi.Test.CustomerControllerTests.On_ne_peut_pas_creer_un_customer_si_champs_invalides","DisplayName":"On_ne_peut_pas_creer_un_customer_si_champs_invalides","ExecutorUri":"executor://NUnit3TestExecutor","Source":"C:\\APPS\\archilog\\src\\ArchiLog\\Archi.Test\\bin\\Debug\\netcoreapp3.1\\fine-code-coverage\\build-output\\Archi.Test.dll","CodeFilePath":null,"LineNumber":0,"Properties":[{"Key":{"Id":"NUnit.Seed","Label":"Seed","Category":"","Description":"","Attributes":0,"ValueType":"System.String"},"Value":"339245991"}]},"Attachments":[],"Outcome":1,"ErrorMessage":null,"ErrorStackTrace":null,"DisplayName":"On_ne_peut_pas_creer_un_customer_si_champs_invalides","Messages":[],"ComputerName":"LAPTOP-6LVMBAGV","Duration":"00:00:00.0007739","StartTime":"2022-02-24T17:23:50.0646685+00:00","EndTime":"2022-02-24T17:23:50.0654418+00:00","Properties":[{"Key":{"Id":"NUnit.Seed","Label":"Seed","Category":"","Description":"","Attributes":0,"ValueType":"System.String"},"Value":"339245991"}]},{"TestCase":{"Id":"b3049a51-c352-b8e4-12da-7575855a1032","FullyQualifiedName":"Archi.Test.CustomerControllerTests.on_peut_creer_un_customer","DisplayName":"on_peut_creer_un_customer","ExecutorUri":"executor://NUnit3TestExecutor","Source":"C:\\APPS\\archilog\\src\\ArchiLog\\Archi.Test\\bin\\Debug\\netcoreapp3.1\\fine-code-coverage\\build-output\\Archi.Test.dll","CodeFilePath":null,"LineNumber":0,"Properties":[{"Key":{"Id":"NUnit.Seed","Label":"Seed","Category":"","Description":"","Attributes":0,"ValueType":"System.String"},"Value":"1601900981"}]},"Attachments":[],"Outcome":1,"ErrorMessage":null,"ErrorStackTrace":null,"DisplayName":"on_peut_creer_un_customer","Messages":[],"ComputerName":"LAPTOP-6LVMBAGV","Duration":"00:00:00.0011560","StartTime":"2022-02-24T17:23:50.0654579+00:00","EndTime":"2022-02-24T17:23:50.0666131+00:00","Properties":[{"Key":{"Id":"NUnit.Seed","Label":"Seed","Category":"","Description":"","Attributes":0,"ValueType":"System.String"},"Value":"1601900981"}]},{"TestCase":{"Id":"d16ab1ad-437d-248e-2fde-877712135ef4","FullyQualifiedName":"Archi.Test.CustomerControllerTests.Si_le_userId_egal_a_1_le_name_egal_a_first","DisplayName":"Si_le_userId_egal_a_1_le_name_egal_a_first","ExecutorUri":"executor://NUnit3TestExecutor","Source":"C:\\APPS\\archilog\\src\\ArchiLog\\Archi.Test\\bin\\Debug\\netcoreapp3.1\\fine-code-coverage\\build-output\\Archi.Test.dll","CodeFilePath":null,"LineNumber":0,"Properties":[{"Key":{"Id":"NUnit.Seed","Label":"Seed","Category":"","Description":"","Attributes":0,"ValueType":"System.String"},"Value":"1883504921"}]},"Attachments":[],"Outcome":1,"ErrorMessage":null,"ErrorStackTrace":null,"DisplayName":"Si_le_userId_egal_a_1_le_name_egal_a_first","Messages":[],"ComputerName":"LAPTOP-6LVMBAGV","Duration":"00:00:00.0010039","StartTime":"2022-02-24T17:23:50.0666302+00:00","EndTime":"2022-02-24T17:23:50.0676331+00:00","Properties":[{"Key":{"Id":"NUnit.Seed","Label":"Seed","Category":"","Description":"","Attributes":0,"ValueType":"System.String"},"Value":"1883504921"}]}],"TestRunStatistics":{"ExecutedTests":9,"Stats":{"Passed":9}},"ActiveTests":[{"Id":"7f730154-6b41-5f1b-5907-5dac0a2623b7","FullyQualifiedName":"Archi.Test.CustomerControllerTests.Task_GetPostById_Return_OkResult","DisplayName":"Task_GetPostById_Return_OkResult","ExecutorUri":"executor://NUnit3TestExecutor","Source":"C:\\APPS\\archilog\\src\\ArchiLog\\Archi.Test\\bin\\Debug\\netcoreapp3.1\\fine-code-coverage\\build-output\\Archi.Test.dll","CodeFilePath":null,"LineNumber":0,"Properties":[{"Key":{"Id":"NUnit.Seed","Label":"Seed","Category":"","Description":"","Attributes":0,"ValueType":"System.String"},"Value":"1742930003"}]}]}}
TpTrace Verbose: 0 : 2940, 4, 2022/02/24, 18:23:50.151, 6351140707418, vstest.console.dll, TestRunRequest:SendTestRunStatsChange: Starting.
TpTrace Verbose: 0 : 2940, 4, 2022/02/24, 18:23:50.151, 6351140708888, vstest.console.dll, InProgress is Task_GetPostById_Return_OkResult
TpTrace Information: 0 : 2940, 4, 2022/02/24, 18:23:50.151, 6351140710853, vstest.console.dll, TestRunRequest:SendTestRunStatsChange: Completed.
TpTrace Verbose: 0 : 2940, 4, 2022/02/24, 18:23:50.151, 6351140711275, vstest.console.dll, TcpClientExtensions.MessageLoopAsync: Polling on remoteEndPoint: 127.0.0.1:52760 localEndPoint: 127.0.0.1:52759
TpTrace Verbose: 0 : 2940, 4, 2022/02/24, 18:23:50.319, 6351142383156, vstest.console.dll, TcpClientExtensions.MessageLoopAsync: NotifyDataAvailable remoteEndPoint: 127.0.0.1:52760 localEndPoint: 127.0.0.1:52759
TpTrace Verbose: 0 : 2940, 4, 2022/02/24, 18:23:50.319, 6351142384346, vstest.console.dll, TestRequestSender.OnExecutionMessageReceived: Received message: {"Version":5,"MessageType":"TestSession.Message","Payload":{"MessageLevel":0,"Message":"NUnit Adapter 4.2.0.0: Test execution complete"}}
TpTrace Verbose: 0 : 2940, 4, 2022/02/24, 18:23:50.319, 6351142385897, vstest.console.dll, TestRunRequest:SendTestRunMessage: Starting.
TpTrace Information: 0 : 2940, 4, 2022/02/24, 18:23:50.319, 6351142386423, vstest.console.dll, TestRunRequest:SendTestRunMessage: Completed.
TpTrace Verbose: 0 : 2940, 4, 2022/02/24, 18:23:50.319, 6351142386740, vstest.console.dll, TcpClientExtensions.MessageLoopAsync: Polling on remoteEndPoint: 127.0.0.1:52760 localEndPoint: 127.0.0.1:52759
TpTrace Verbose: 0 : 2940, 4, 2022/02/24, 18:23:50.339, 6351142588241, vstest.console.dll, TcpClientExtensions.MessageLoopAsync: NotifyDataAvailable remoteEndPoint: 127.0.0.1:52760 localEndPoint: 127.0.0.1:52759
TpTrace Verbose: 0 : 2940, 4, 2022/02/24, 18:23:50.339, 6351142590143, vstest.console.dll, TestRequestSender.OnExecutionMessageReceived: Received message: {"Version":5,"MessageType":"TestExecution.Completed","Payload":{"TestRunCompleteArgs":{"TestRunStatistics":{"ExecutedTests":12,"Stats":{"Passed":12}},"IsCanceled":false,"IsAborted":false,"Error":null,"AttachmentSets":[],"ElapsedTimeInRunningTests":"00:00:00.9882272","Metrics":{}},"LastRunTests":{"NewTestResults":[{"TestCase":{"Id":"7f730154-6b41-5f1b-5907-5dac0a2623b7","FullyQualifiedName":"Archi.Test.CustomerControllerTests.Task_GetPostById_Return_OkResult","DisplayName":"Task_GetPostById_Return_OkResult","ExecutorUri":"executor://NUnit3TestExecutor","Source":"C:\\APPS\\archilog\\src\\ArchiLog\\Archi.Test\\bin\\Debug\\netcoreapp3.1\\fine-code-coverage\\build-output\\Archi.Test.dll","CodeFilePath":null,"LineNumber":0,"Properties":[{"Key":{"Id":"NUnit.Seed","Label":"Seed","Category":"","Description":"","Attributes":0,"ValueType":"System.String"},"Value":"1742930003"}]},"Attachments":[],"Outcome":1,"ErrorMessage":null,"ErrorStackTrace":null,"DisplayName":"Task_GetPostById_Return_OkResult","Messages":[],"ComputerName":"LAPTOP-6LVMBAGV","Duration":"00:00:00.1757120","StartTime":"2022-02-24T17:23:50.0676494+00:00","EndTime":"2022-02-24T17:23:50.2433593+00:00","Properties":[{"Key":{"Id":"NUnit.Seed","Label":"Seed","Category":"","Description":"","Attributes":0,"ValueType":"System.String"},"Value":"1742930003"}]},{"TestCase":{"Id":"1f5ce406-8102-9ca0-78f5-11854a54e79e","FullyQualifiedName":"Archi.Test.CustomerControllerTests.TestGetAll","DisplayName":"TestGetAll","ExecutorUri":"executor://NUnit3TestExecutor","Source":"C:\\APPS\\archilog\\src\\ArchiLog\\Archi.Test\\bin\\Debug\\netcoreapp3.1\\fine-code-coverage\\build-output\\Archi.Test.dll","CodeFilePath":null,"LineNumber":0,"Properties":[{"Key":{"Id":"NUnit.Seed","Label":"Seed","Category":"","Description":"","Attributes":0,"ValueType":"System.String"},"Value":"1947470849"}]},"Attachments":[],"Outcome":1,"ErrorMessage":null,"ErrorStackTrace":null,"DisplayName":"TestGetAll","Messages":[],"ComputerName":"LAPTOP-6LVMBAGV","Duration":"00:00:00.0329530","StartTime":"2022-02-24T17:23:50.2433857+00:00","EndTime":"2022-02-24T17:23:50.2763361+00:00","Properties":[{"Key":{"Id":"NUnit.Seed","Label":"Seed","Category":"","Description":"","Attributes":0,"ValueType":"System.String"},"Value":"1947470849"}]},{"TestCase":{"Id":"4d525278-65a3-73b0-3ff1-774c119e8073","FullyQualifiedName":"Archi.Test.CustomerControllerTests.TestPost","DisplayName":"TestPost","ExecutorUri":"executor://NUnit3TestExecutor","Source":"C:\\APPS\\archilog\\src\\ArchiLog\\Archi.Test\\bin\\Debug\\netcoreapp3.1\\fine-code-coverage\\build-output\\Archi.Test.dll","CodeFilePath":null,"LineNumber":0,"Properties":[{"Key":{"Id":"NUnit.Seed","Label":"Seed","Category":"","Description":"","Attributes":0,"ValueType":"System.String"},"Value":"1566971500"}]},"Attachments":[],"Outcome":1,"ErrorMessage":null,"ErrorStackTrace":null,"DisplayName":"TestPost","Messages":[],"ComputerName":"LAPTOP-6LVMBAGV","Duration":"00:00:00.0365140","StartTime":"2022-02-24T17:23:50.276364+00:00","EndTime":"2022-02-24T17:23:50.3128749+00:00","Properties":[{"Key":{"Id":"NUnit.Seed","Label":"Seed","Category":"","Description":"","Attributes":0,"ValueType":"System.String"},"Value":"1566971500"}]}],"TestRunStatistics":{"ExecutedTests":12,"Stats":{"Passed":12}},"ActiveTests":[]},"RunAttachments":[],"ExecutorUris":["executor://nunit3testexecutor/"]}}
TpTrace Verbose: 0 : 2940, 4, 2022/02/24, 18:23:50.340, 6351142594707, vstest.console.dll, TestRequestSender.EndSession: Sending end session.
TpTrace Verbose: 0 : 2940, 4, 2022/02/24, 18:23:50.340, 6351142596261, vstest.console.dll, ProxyOperationManager.Close: waiting for test host to exit for 100 ms
TpTrace Warning: 0 : 2940, 12, 2022/02/24, 18:23:50.379, 6351142983569, vstest.console.dll, TestHostManagerCallbacks.ErrorReceivedCallback Test host standard error line: 
TpTrace Verbose: 0 : 2940, 7, 2022/02/24, 18:23:50.394, 6351143135167, vstest.console.dll, TestHostProvider.ExitCallBack: Host exited starting callback.
TpTrace Information: 0 : 2940, 7, 2022/02/24, 18:23:50.395, 6351143146231, vstest.console.dll, TestHostManagerCallbacks.ExitCallBack: Testhost processId: 20232 exited with exitcode: 0 error: ''
TpTrace Verbose: 0 : 2940, 7, 2022/02/24, 18:23:50.395, 6351143147506, vstest.console.dll, DotnetTestHostManager.OnHostExited: invoking OnHostExited callback
TpTrace Verbose: 0 : 2940, 7, 2022/02/24, 18:23:50.395, 6351143148719, vstest.console.dll, CrossPlatEngine.TestHostManagerHostExited: calling on client process exit callback.
TpTrace Information: 0 : 2940, 7, 2022/02/24, 18:23:50.395, 6351143149840, vstest.console.dll, TestRequestSender.OnClientProcessExit: Test host process exited. Standard error: 
TpTrace Warning: 0 : 2940, 4, 2022/02/24, 18:23:50.395, 6351143150289, vstest.console.dll, ProxyOperationManager: Timed out waiting for test host to exit. Will terminate process.
TpTrace Information: 0 : 2940, 7, 2022/02/24, 18:23:50.395, 6351143150764, vstest.console.dll, SocketServer.Stop: Stop server endPoint: 127.0.0.1:52759
TpTrace Information: 0 : 2940, 7, 2022/02/24, 18:23:50.396, 6351143153071, vstest.console.dll, SocketServer.Stop: Cancellation requested. Stopping message loop.
TpTrace Verbose: 0 : 2940, 4, 2022/02/24, 18:23:50.397, 6351143164773, vstest.console.dll, ProxyDataCollectionManager.InvokeDataCollectionServiceAction: Starting.
TpTrace Information: 0 : 2940, 4, 2022/02/24, 18:23:50.397, 6351143166053, vstest.console.dll, ProxyDataCollectionManager.AfterTestRunEnd: Get attachment set for datacollector processId: 11156 port: 52756
TpTrace Verbose: 0 : 2940, 4, 2022/02/24, 18:23:50.397, 6351143167160, vstest.console.dll, DataCollectionRequestSender.SendAfterTestRunStartAndGetResult : Send AfterTestRunEnd message with isCancelled: False
TpTrace Verbose: 0 : 2940, 4, 2022/02/24, 18:23:50.405, 6351143248827, vstest.console.dll, DataCollectionRequestSender.SendAfterTestRunStartAndGetResult : Received message: (DataCollection.AfterTestRunEndResult) -> {
  "AttachmentSets": [],
  "Metrics": {}
}
TpTrace Information: 0 : 2940, 4, 2022/02/24, 18:23:50.410, 6351143301225, vstest.console.dll, ProxyDataCollectionManager.InvokeDataCollectionServiceAction: Completed.
TpTrace Warning: 0 : 2940, 9, 2022/02/24, 18:23:50.426, 6351143454763, vstest.console.dll, DataCollectionLauncher.ErrorReceivedCallback datacollector standard error line: 
TpTrace Information: 0 : 2940, 7, 2022/02/24, 18:23:50.439, 6351143590556, vstest.console.dll, DataCollectionLauncher.ExitCallBack: Data collector exited with exitcode: 0 error: ''
TpTrace Verbose: 0 : 2940, 4, 2022/02/24, 18:23:50.468, 6351143882279, vstest.console.dll, TestRunRequest:SendTestRunStatsChange: Starting.
TpTrace Information: 0 : 2940, 4, 2022/02/24, 18:23:50.469, 6351143885767, vstest.console.dll, TestRunRequest:SendTestRunStatsChange: Completed.
TpTrace Verbose: 0 : 2940, 4, 2022/02/24, 18:23:50.469, 6351143890172, vstest.console.dll, ParallelProxyExecutionManager: HandlePartialRunComplete: Total completed clients = 1, Run complete = True, Run canceled: False.
TpTrace Verbose: 0 : 2940, 4, 2022/02/24, 18:23:50.525, 6351144443927, vstest.console.dll, TestRunRequest:TestRunComplete: Starting. IsAborted:False IsCanceled:False.
TpTrace Verbose: 0 : 2940, 4, 2022/02/24, 18:23:50.525, 6351144447675, vstest.console.dll, TestLoggerManager.HandleTestRunComplete: Ignoring as the object is disposed.
TpTrace Information: 0 : 2940, 4, 2022/02/24, 18:23:50.526, 6351144453243, vstest.console.dll, TestRunRequest:TestRunComplete: Completed.
TpTrace Verbose: 0 : 2940, 4, 2022/02/24, 18:23:50.526, 6351144454314, vstest.console.dll, TestRequestSender.SetOperationComplete: Setting operation complete.
TpTrace Verbose: 0 : 2940, 1, 2022/02/24, 18:23:50.526, 6351144454272, vstest.console.dll, TestRunRequest.Dispose: Starting.
TpTrace Information: 0 : 2940, 4, 2022/02/24, 18:23:50.526, 6351144455173, vstest.console.dll, SocketServer.Stop: Stop server endPoint: 127.0.0.1:52759
TpTrace Information: 0 : 2940, 1, 2022/02/24, 18:23:50.526, 6351144456449, vstest.console.dll, TestRunRequest.Dispose: Completed.
TpTrace Information: 0 : 2940, 4, 2022/02/24, 18:23:50.526, 6351144457556, vstest.console.dll, SocketServer.Stop: Cancellation requested. Stopping message loop.
TpTrace Information: 0 : 2940, 1, 2022/02/24, 18:23:50.526, 6351144458825, vstest.console.dll, TestRequestManager.RunTests: run tests completed.
TpTrace Information: 0 : 2940, 4, 2022/02/24, 18:23:50.526, 6351144460301, vstest.console.dll, SocketServer.PrivateStop: Stop server endPoint: 127.0.0.1:52759 error: 
TpTrace Information: 0 : 2940, 1, 2022/02/24, 18:23:50.526, 6351144462257, vstest.console.dll, RunTestsArgumentProcessor:Execute: Test run is completed.
TpTrace Verbose: 0 : 2940, 1, 2022/02/24, 18:23:50.527, 6351144465920, vstest.console.dll, Executor.Execute: Exiting with exit code of 0
TpTrace Verbose: 0 : 2940, 4, 2022/02/24, 18:23:50.527, 6351144472091, vstest.console.dll, LengthPrefixCommunicationChannel.Dispose: Dispose reader and writer.
TpTrace Information: 0 : 2940, 4, 2022/02/24, 18:23:50.528, 6351144473793, vstest.console.dll, SocketServer.Stop: Raise disconnected event endPoint: 127.0.0.1:52759 error: 
TpTrace Verbose: 0 : 2940, 4, 2022/02/24, 18:23:50.528, 6351144475125, vstest.console.dll, TestRequestSender: OnTestRunAbort: Operation is already complete. Skip error message.
TpTrace Verbose: 0 : 2940, 4, 2022/02/24, 18:23:50.528, 6351144475882, vstest.console.dll, TcpClientExtensions.MessageLoopAsync: exiting MessageLoopAsync remoteEndPoint: 127.0.0.1:52760 localEndPoint: 127.0.0.1:52759
